<?xml version="1.0" encoding="UTF-8"?>
<testsuite name="StudentTest" tests="2" skipped="0" failures="0" errors="0" timestamp="2022-10-15T10:56:26" hostname="LAPTOP-D9J2LTH0" time="0.11">
  <properties/>
  <testcase name="Testing getters and setters for student's name" classname="StudentTest" time="0.105"/>
  <testcase name="Checks if the correct username is generated" classname="StudentTest" time="0.003"/>
  <system-out><![CDATA[]]></system-out>
  <system-err><![CDATA[]]></system-err>
</testsuite>
