<?xml version="1.0" encoding="UTF-8"?>
<testsuite name="StudentTest" tests="2" skipped="0" failures="0" errors="0" timestamp="2022-10-14T19:08:10" hostname="LAPTOP-D9J2LTH0" time="0.101">
  <properties/>
  <testcase name="Testing getters and setters for student's name" classname="StudentTest" time="0.098"/>
  <testcase name="Checks if the correct username is generated" classname="StudentTest" time="0.001"/>
  <system-out><![CDATA[]]></system-out>
  <system-err><![CDATA[]]></system-err>
</testsuite>
